Using pre-set license
Built from '2020.3/release' branch; Version is '2020.3.7f1 (dd97f2c94397) revision 14522354'; Using compiler version '192528614'; Build Type 'Release'
OS: 'Windows 10 Enterprise; OS build 19043.1415; Version 2009; 64bit' Language: 'en' Physical Memory: 32642 MB
BatchMode: 1, IsHumanControllingUs: 0, StartBugReporterOnCrash: 0, Is64bit: 1, IsPro: 0

 COMMAND LINE ARGUMENTS:
C:\Program Files\Unity\Editor\Unity.exe
-adb2
-batchMode
-noUpm
-name
AssetImportWorker0
-projectPath
C:/Users/fmata4779/Documents/Felix Projects/GD205/MY unity projects GD205/grid
-logFile
Logs/AssetImportWorker0.log
-srvPort
54383
Successfully changed project path to: C:/Users/fmata4779/Documents/Felix Projects/GD205/MY unity projects GD205/grid
C:/Users/fmata4779/Documents/Felix Projects/GD205/MY unity projects GD205/grid
Using Asset Import Pipeline V2.
Refreshing native plugins compatible for Editor in 20.05 ms, found 0 plugins.
Preloading 0 native plugins for Editor in 0.00 ms.
Initialize engine version: 2020.3.7f1 (dd97f2c94397)
[Subsystems] Discovering subsystems at path C:/Program Files/Unity/Editor/Data/Resources/UnitySubsystems
[Subsystems] Discovering subsystems at path C:/Users/fmata4779/Documents/Felix Projects/GD205/MY unity projects GD205/grid/Assets
GfxDevice: creating device client; threaded=0
Direct3D:
    Version:  Direct3D 11.0 [level 11.1]
    Renderer: NVIDIA GeForce RTX 2080 SUPER (ID=0x1e81)
    Vendor:   
    VRAM:     8010 MB
    Driver:   30.0.14.7141
Initialize mono
Mono path[0] = 'C:/Program Files/Unity/Editor/Data/Managed'
Mono path[1] = 'C:/Program Files/Unity/Editor/Data/MonoBleedingEdge/lib/mono/unityjit'
Mono config path = 'C:/Program Files/Unity/Editor/Data/MonoBleedingEdge/etc'
Using monoOptions --debugger-agent=transport=dt_socket,embedding=1,server=y,suspend=n,address=127.0.0.1:56304
Begin MonoManager ReloadAssembly
Registering precompiled unity dll's ...
Register platform support module: C:/Program Files/Unity/Editor/Data/PlaybackEngines/WebGLSupport/UnityEditor.WebGL.Extensions.dll
Register platform support module: C:/Program Files/Unity/Editor/Data/PlaybackEngines/MacStandaloneSupport/UnityEditor.OSXStandalone.Extensions.dll
Register platform support module: C:/Program Files/Unity/Editor/Data/PlaybackEngines/WindowsStandaloneSupport/UnityEditor.WindowsStandalone.Extensions.dll
Registered in 0.004746 seconds.
Native extension for WindowsStandalone target not found
Native extension for OSXStandalone target not found
Native extension for WebGL target not found
Refreshing native plugins compatible for Editor in 18.90 ms, found 0 plugins.
Preloading 0 native plugins for Editor in 0.00 ms.
Mono: successfully reloaded assembly
- Completed reload, in  1.395 seconds
Platform modules already initialized, skipping
Registering precompiled user dll's ...
Registered in 0.001460 seconds.
Begin MonoManager ReloadAssembly
Native extension for WindowsStandalone target not found
Native extension for OSXStandalone target not found
Native extension for WebGL target not found
Refreshing native plugins compatible for Editor in 0.18 ms, found 0 plugins.
Preloading 0 native plugins for Editor in 0.00 ms.
Mono: successfully reloaded assembly
- Completed reload, in  0.787 seconds
Platform modules already initialized, skipping
========================================================================
Worker process is ready to serve import requests
Launched and connected shader compiler UnityShaderCompiler.exe after 0.07 seconds
Refreshing native plugins compatible for Editor in 0.19 ms, found 0 plugins.
Preloading 0 native plugins for Editor in 0.00 ms.
Unloading 1117 Unused Serialized files (Serialized files now loaded: 0)
System memory in use before: 57.5 MB.
System memory in use after: 57.6 MB.

Unloading 10 unused Assets to reduce memory usage. Loaded Objects now: 1559.
Total: 1.426900 ms (FindLiveObjects: 0.119100 ms CreateObjectMapping: 0.035200 ms MarkObjects: 1.197400 ms  DeleteObjects: 0.074200 ms)

========================================================================
Received Import Request.
  path: Assets/SnapMovement1.cs
  artifactKey: Guid(79a7afa7ad8f2994881d56eacfad6633) Importer(815301076,1909f56bfc062723c751e8b465ee728b)
Start importing Assets/SnapMovement1.cs using Guid(79a7afa7ad8f2994881d56eacfad6633) Importer(815301076,1909f56bfc062723c751e8b465ee728b)  -> (artifact id: '708cafbcec0d90ce856b0e91cdab162b') in 0.024979 seconds
  Import took 0.026699 seconds .

========================================================================
Received Prepare
Registering precompiled user dll's ...
Registered in 0.001427 seconds.
Begin MonoManager ReloadAssembly
Native extension for WindowsStandalone target not found
Native extension for OSXStandalone target not found
Native extension for WebGL target not found
Refreshing native plugins compatible for Editor in 0.18 ms, found 0 plugins.
Preloading 0 native plugins for Editor in 0.00 ms.
Mono: successfully reloaded assembly
- Completed reload, in  0.698 seconds
Platform modules already initialized, skipping
Refreshing native plugins compatible for Editor in 0.18 ms, found 0 plugins.
Preloading 0 native plugins for Editor in 0.00 ms.
Unloading 1112 Unused Serialized files (Serialized files now loaded: 0)
System memory in use before: 57.5 MB.
System memory in use after: 57.5 MB.

Unloading 5 unused Assets to reduce memory usage. Loaded Objects now: 1562.
Total: 1.450300 ms (FindLiveObjects: 0.141400 ms CreateObjectMapping: 0.031900 ms MarkObjects: 1.226600 ms  DeleteObjects: 0.048500 ms)

========================================================================
Received Prepare
Registering precompiled user dll's ...
Registered in 0.001373 seconds.
Begin MonoManager ReloadAssembly
Native extension for WindowsStandalone target not found
Native extension for OSXStandalone target not found
Native extension for WebGL target not found
Refreshing native plugins compatible for Editor in 0.19 ms, found 0 plugins.
Preloading 0 native plugins for Editor in 0.00 ms.
Mono: successfully reloaded assembly
- Completed reload, in  0.695 seconds
Platform modules already initialized, skipping
Refreshing native plugins compatible for Editor in 0.17 ms, found 0 plugins.
Preloading 0 native plugins for Editor in 0.00 ms.
Unloading 1112 Unused Serialized files (Serialized files now loaded: 0)
System memory in use before: 57.5 MB.
System memory in use after: 57.6 MB.

Unloading 5 unused Assets to reduce memory usage. Loaded Objects now: 1565.
Total: 1.444800 ms (FindLiveObjects: 0.123600 ms CreateObjectMapping: 0.031500 ms MarkObjects: 1.237500 ms  DeleteObjects: 0.050400 ms)

========================================================================
Received Import Request.
  Time since last request: 737.960902 seconds.
  path: Assets/gridMovement.cs
  artifactKey: Guid(7eddb0bc9c9527a45ae8dd605e5ad22c) Importer(815301076,1909f56bfc062723c751e8b465ee728b)
Start importing Assets/gridMovement.cs using Guid(7eddb0bc9c9527a45ae8dd605e5ad22c) Importer(815301076,1909f56bfc062723c751e8b465ee728b)  -> (artifact id: 'f5816cc7fa3254fc630f4429200f55af') in 0.007786 seconds
  Import took 0.012014 seconds .

========================================================================
Received Import Request.
  Time since last request: 0.003743 seconds.
  path: Assets/gridMovement.cs
  artifactKey: Guid(7eddb0bc9c9527a45ae8dd605e5ad22c) Importer(815301076,1909f56bfc062723c751e8b465ee728b)
Start importing Assets/gridMovement.cs using Guid(7eddb0bc9c9527a45ae8dd605e5ad22c) Importer(815301076,1909f56bfc062723c751e8b465ee728b)  -> (artifact id: 'f5816cc7fa3254fc630f4429200f55af') in 0.004640 seconds
  Import took 0.006475 seconds .

========================================================================
Received Prepare
Registering precompiled user dll's ...
Registered in 0.001438 seconds.
Begin MonoManager ReloadAssembly
Native extension for WindowsStandalone target not found
Native extension for OSXStandalone target not found
Native extension for WebGL target not found
Refreshing native plugins compatible for Editor in 0.19 ms, found 0 plugins.
Preloading 0 native plugins for Editor in 0.00 ms.
Mono: successfully reloaded assembly
- Completed reload, in  0.712 seconds
Platform modules already initialized, skipping
Refreshing native plugins compatible for Editor in 0.24 ms, found 0 plugins.
Preloading 0 native plugins for Editor in 0.00 ms.
Unloading 1112 Unused Serialized files (Serialized files now loaded: 0)
System memory in use before: 57.5 MB.
System memory in use after: 57.6 MB.

Unloading 5 unused Assets to reduce memory usage. Loaded Objects now: 1568.
Total: 1.562800 ms (FindLiveObjects: 0.124100 ms CreateObjectMapping: 0.033600 ms MarkObjects: 1.353600 ms  DeleteObjects: 0.050100 ms)

AssetImportWorkerClient::OnTransportError - code=2 error=End of file
