Using pre-set license
Built from '2020.3/release' branch; Version is '2020.3.7f1 (dd97f2c94397) revision 14522354'; Using compiler version '192528614'; Build Type 'Release'
OS: 'Windows 10 Home; OS build 22000.978; Version 2009; 64bit' Language: 'en' Physical Memory: 16231 MB
BatchMode: 1, IsHumanControllingUs: 0, StartBugReporterOnCrash: 0, Is64bit: 1, IsPro: 0

 COMMAND LINE ARGUMENTS:
C:\Program Files\Unity\Hub\Editor\2020.3.7f1\Editor\Unity.exe
-adb2
-batchMode
-noUpm
-name
AssetImportWorker0
-projectPath
C:/Users/felix/OneDrive/Documents/felix stuff/MY unity projects GD205/grid
-logFile
Logs/AssetImportWorker0.log
-srvPort
54125
Successfully changed project path to: C:/Users/felix/OneDrive/Documents/felix stuff/MY unity projects GD205/grid
C:/Users/felix/OneDrive/Documents/felix stuff/MY unity projects GD205/grid
Using Asset Import Pipeline V2.
Refreshing native plugins compatible for Editor in 22.46 ms, found 0 plugins.
Preloading 0 native plugins for Editor in 0.00 ms.
Initialize engine version: 2020.3.7f1 (dd97f2c94397)
[Subsystems] Discovering subsystems at path C:/Program Files/Unity/Hub/Editor/2020.3.7f1/Editor/Data/Resources/UnitySubsystems
[Subsystems] Discovering subsystems at path C:/Users/felix/OneDrive/Documents/felix stuff/MY unity projects GD205/grid/Assets
GfxDevice: creating device client; threaded=0
Direct3D:
    Version:  Direct3D 11.0 [level 11.1]
    Renderer: NVIDIA GeForce GTX 1660 Ti (ID=0x2191)
    Vendor:   
    VRAM:     5991 MB
    Driver:   30.0.14.9729
Initialize mono
Mono path[0] = 'C:/Program Files/Unity/Hub/Editor/2020.3.7f1/Editor/Data/Managed'
Mono path[1] = 'C:/Program Files/Unity/Hub/Editor/2020.3.7f1/Editor/Data/MonoBleedingEdge/lib/mono/unityjit'
Mono config path = 'C:/Program Files/Unity/Hub/Editor/2020.3.7f1/Editor/Data/MonoBleedingEdge/etc'
Using monoOptions --debugger-agent=transport=dt_socket,embedding=1,server=y,suspend=n,address=127.0.0.1:56720
Begin MonoManager ReloadAssembly
Registering precompiled unity dll's ...
Register platform support module: C:/Program Files/Unity/Hub/Editor/2020.3.7f1/Editor/Data/PlaybackEngines/WebGLSupport/UnityEditor.WebGL.Extensions.dll
Register platform support module: C:/Program Files/Unity/Hub/Editor/2020.3.7f1/Editor/Data/PlaybackEngines/WindowsStandaloneSupport/UnityEditor.WindowsStandalone.Extensions.dll
Registered in 0.002030 seconds.
Native extension for WindowsStandalone target not found
Native extension for WebGL target not found
Refreshing native plugins compatible for Editor in 22.05 ms, found 0 plugins.
Preloading 0 native plugins for Editor in 0.00 ms.
Mono: successfully reloaded assembly
- Completed reload, in  1.259 seconds
Platform modules already initialized, skipping
Registering precompiled user dll's ...
Registered in 0.000648 seconds.
Begin MonoManager ReloadAssembly
Native extension for WindowsStandalone target not found
Native extension for WebGL target not found
Refreshing native plugins compatible for Editor in 0.23 ms, found 0 plugins.
Preloading 0 native plugins for Editor in 0.00 ms.
Mono: successfully reloaded assembly
- Completed reload, in  0.857 seconds
Platform modules already initialized, skipping
========================================================================
Worker process is ready to serve import requests
Launched and connected shader compiler UnityShaderCompiler.exe after 0.04 seconds
Refreshing native plugins compatible for Editor in 0.18 ms, found 0 plugins.
Preloading 0 native plugins for Editor in 0.00 ms.
Unloading 1117 Unused Serialized files (Serialized files now loaded: 0)
System memory in use before: 57.6 MB.
System memory in use after: 57.6 MB.

Unloading 10 unused Assets to reduce memory usage. Loaded Objects now: 1559.
Total: 1.717100 ms (FindLiveObjects: 0.233300 ms CreateObjectMapping: 0.057900 ms MarkObjects: 1.348700 ms  DeleteObjects: 0.076200 ms)

========================================================================
Received Import Request.
  path: Assets/New Material 1.mat
  artifactKey: Guid(4f8267ce12d44e84c8985904f755713b) Importer(815301076,1909f56bfc062723c751e8b465ee728b)
Start importing Assets/New Material 1.mat using Guid(4f8267ce12d44e84c8985904f755713b) Importer(815301076,1909f56bfc062723c751e8b465ee728b)  -> (artifact id: '382c108311ea7f7001e4fb37278193ea') in 0.114519 seconds
  Import took 0.116864 seconds .

========================================================================
Received Import Request.
  Time since last request: 0.000372 seconds.
  path: Assets/sound.wav
  artifactKey: Guid(1d5e37ebd2e9e6f4681ccbc6319a3996) Importer(815301076,1909f56bfc062723c751e8b465ee728b)
Start importing Assets/sound.wav using Guid(1d5e37ebd2e9e6f4681ccbc6319a3996) Importer(815301076,1909f56bfc062723c751e8b465ee728b)  -> (artifact id: 'e28c915d34290aebc252ab8723e59839') in 0.047197 seconds
  Import took 0.049400 seconds .

========================================================================
Received Import Request.
  Time since last request: 0.000371 seconds.
  path: Assets/New Material 2.mat
  artifactKey: Guid(a1ef8d6eb6e84664d8295d8fd94048a2) Importer(815301076,1909f56bfc062723c751e8b465ee728b)
Start importing Assets/New Material 2.mat using Guid(a1ef8d6eb6e84664d8295d8fd94048a2) Importer(815301076,1909f56bfc062723c751e8b465ee728b)  -> (artifact id: 'a7ba4d0f6aa50629df6a7136da620c32') in 0.012862 seconds
  Import took 0.015019 seconds .

========================================================================
Received Import Request.
  Time since last request: 0.000404 seconds.
  path: Assets/New Material 3.mat
  artifactKey: Guid(e12ae7261499d9348addc9ef89aff058) Importer(815301076,1909f56bfc062723c751e8b465ee728b)
Start importing Assets/New Material 3.mat using Guid(e12ae7261499d9348addc9ef89aff058) Importer(815301076,1909f56bfc062723c751e8b465ee728b)  -> (artifact id: '39a05cf2f50d34e33d01c0802729da2d') in 0.012198 seconds
  Import took 0.014077 seconds .

========================================================================
Received Import Request.
  Time since last request: 0.000380 seconds.
  path: Assets/SnapMovement1.cs
  artifactKey: Guid(79a7afa7ad8f2994881d56eacfad6633) Importer(815301076,1909f56bfc062723c751e8b465ee728b)
Start importing Assets/SnapMovement1.cs using Guid(79a7afa7ad8f2994881d56eacfad6633) Importer(815301076,1909f56bfc062723c751e8b465ee728b)  -> (artifact id: '708cafbcec0d90ce856b0e91cdab162b') in 0.008702 seconds
  Import took 0.010711 seconds .

========================================================================
Received Import Request.
  Time since last request: 0.398039 seconds.
  path: Assets/New Material 1.mat
  artifactKey: Guid(4f8267ce12d44e84c8985904f755713b) Importer(815301076,1909f56bfc062723c751e8b465ee728b)
Start importing Assets/New Material 1.mat using Guid(4f8267ce12d44e84c8985904f755713b) Importer(815301076,1909f56bfc062723c751e8b465ee728b)  -> (artifact id: '382c108311ea7f7001e4fb37278193ea') in 0.011282 seconds
  Import took 0.013253 seconds .

========================================================================
Received Prepare
Registering precompiled user dll's ...
Registered in 0.001135 seconds.
Begin MonoManager ReloadAssembly
Native extension for WindowsStandalone target not found
Native extension for WebGL target not found
Refreshing native plugins compatible for Editor in 0.22 ms, found 0 plugins.
Preloading 0 native plugins for Editor in 0.00 ms.
Mono: successfully reloaded assembly
- Completed reload, in  0.975 seconds
Platform modules already initialized, skipping
Refreshing native plugins compatible for Editor in 0.22 ms, found 0 plugins.
Preloading 0 native plugins for Editor in 0.00 ms.
Unloading 1112 Unused Serialized files (Serialized files now loaded: 0)
System memory in use before: 60.9 MB.
System memory in use after: 60.9 MB.

Unloading 5 unused Assets to reduce memory usage. Loaded Objects now: 1604.
Total: 2.191600 ms (FindLiveObjects: 0.259800 ms CreateObjectMapping: 0.059700 ms MarkObjects: 1.817400 ms  DeleteObjects: 0.052500 ms)

========================================================================
Received Import Request.
  Time since last request: 103.211584 seconds.
  path: Assets/gridMovement.cs
  artifactKey: Guid(7eddb0bc9c9527a45ae8dd605e5ad22c) Importer(815301076,1909f56bfc062723c751e8b465ee728b)
Start importing Assets/gridMovement.cs using Guid(7eddb0bc9c9527a45ae8dd605e5ad22c) Importer(815301076,1909f56bfc062723c751e8b465ee728b)  -> (artifact id: 'cc2ed7f8f6e723737fe5be9bfdc25bf8') in 0.009029 seconds
  Import took 0.011208 seconds .

========================================================================
Received Import Request.
  Time since last request: 0.002958 seconds.
  path: Assets/gridMovement.cs
  artifactKey: Guid(7eddb0bc9c9527a45ae8dd605e5ad22c) Importer(815301076,1909f56bfc062723c751e8b465ee728b)
Start importing Assets/gridMovement.cs using Guid(7eddb0bc9c9527a45ae8dd605e5ad22c) Importer(815301076,1909f56bfc062723c751e8b465ee728b)  -> (artifact id: 'cc2ed7f8f6e723737fe5be9bfdc25bf8') in 0.002537 seconds
  Import took 0.004764 seconds .

========================================================================
Received Prepare
Registering precompiled user dll's ...
Registered in 0.000698 seconds.
Begin MonoManager ReloadAssembly
Native extension for WindowsStandalone target not found
Native extension for WebGL target not found
Refreshing native plugins compatible for Editor in 0.25 ms, found 0 plugins.
Preloading 0 native plugins for Editor in 0.00 ms.
Mono: successfully reloaded assembly
- Completed reload, in  0.916 seconds
Platform modules already initialized, skipping
Refreshing native plugins compatible for Editor in 0.21 ms, found 0 plugins.
Preloading 0 native plugins for Editor in 0.00 ms.
Unloading 1112 Unused Serialized files (Serialized files now loaded: 0)
System memory in use before: 60.9 MB.
System memory in use after: 61.0 MB.

Unloading 5 unused Assets to reduce memory usage. Loaded Objects now: 1607.
Total: 2.209500 ms (FindLiveObjects: 0.320200 ms CreateObjectMapping: 0.091800 ms MarkObjects: 1.730300 ms  DeleteObjects: 0.065100 ms)

========================================================================
Received Import Request.
  Time since last request: 209.288669 seconds.
  path: Assets/gridMovement.cs
  artifactKey: Guid(7eddb0bc9c9527a45ae8dd605e5ad22c) Importer(815301076,1909f56bfc062723c751e8b465ee728b)
Start importing Assets/gridMovement.cs using Guid(7eddb0bc9c9527a45ae8dd605e5ad22c) Importer(815301076,1909f56bfc062723c751e8b465ee728b)  -> (artifact id: 'f76c81637200f689745835739e9f888e') in 0.006387 seconds
  Import took 0.009042 seconds .

========================================================================
Received Prepare
Registering precompiled user dll's ...
Registered in 0.001043 seconds.
Begin MonoManager ReloadAssembly
Native extension for WindowsStandalone target not found
Native extension for WebGL target not found
Refreshing native plugins compatible for Editor in 0.24 ms, found 0 plugins.
Preloading 0 native plugins for Editor in 0.00 ms.
Mono: successfully reloaded assembly
- Completed reload, in  0.992 seconds
Platform modules already initialized, skipping
Refreshing native plugins compatible for Editor in 0.22 ms, found 0 plugins.
Preloading 0 native plugins for Editor in 0.00 ms.
Unloading 1112 Unused Serialized files (Serialized files now loaded: 0)
System memory in use before: 60.9 MB.
System memory in use after: 61.0 MB.

Unloading 5 unused Assets to reduce memory usage. Loaded Objects now: 1610.
Total: 1.874700 ms (FindLiveObjects: 0.168000 ms CreateObjectMapping: 0.090100 ms MarkObjects: 1.572000 ms  DeleteObjects: 0.043200 ms)

========================================================================
Received Prepare
Registering precompiled user dll's ...
Registered in 0.000767 seconds.
Begin MonoManager ReloadAssembly
Native extension for WindowsStandalone target not found
Native extension for WebGL target not found
Refreshing native plugins compatible for Editor in 0.20 ms, found 0 plugins.
Preloading 0 native plugins for Editor in 0.00 ms.
Mono: successfully reloaded assembly
- Completed reload, in  0.720 seconds
Platform modules already initialized, skipping
Refreshing native plugins compatible for Editor in 0.18 ms, found 0 plugins.
Preloading 0 native plugins for Editor in 0.00 ms.
Unloading 1112 Unused Serialized files (Serialized files now loaded: 0)
System memory in use before: 60.9 MB.
System memory in use after: 61.0 MB.

Unloading 5 unused Assets to reduce memory usage. Loaded Objects now: 1613.
Total: 2.050600 ms (FindLiveObjects: 0.327500 ms CreateObjectMapping: 0.063100 ms MarkObjects: 1.602400 ms  DeleteObjects: 0.056200 ms)

========================================================================
Received Prepare
Registering precompiled user dll's ...
Registered in 0.000883 seconds.
Begin MonoManager ReloadAssembly
Native extension for WindowsStandalone target not found
Native extension for WebGL target not found
Refreshing native plugins compatible for Editor in 0.28 ms, found 0 plugins.
Preloading 0 native plugins for Editor in 0.00 ms.
Mono: successfully reloaded assembly
- Completed reload, in  1.015 seconds
Platform modules already initialized, skipping
Refreshing native plugins compatible for Editor in 0.24 ms, found 0 plugins.
Preloading 0 native plugins for Editor in 0.00 ms.
Unloading 1112 Unused Serialized files (Serialized files now loaded: 0)
System memory in use before: 60.9 MB.
System memory in use after: 61.0 MB.

Unloading 5 unused Assets to reduce memory usage. Loaded Objects now: 1616.
Total: 2.187100 ms (FindLiveObjects: 0.178700 ms CreateObjectMapping: 0.041500 ms MarkObjects: 1.909900 ms  DeleteObjects: 0.055500 ms)

========================================================================
Received Prepare
Registering precompiled user dll's ...
Registered in 0.001195 seconds.
Begin MonoManager ReloadAssembly
Native extension for WindowsStandalone target not found
Native extension for WebGL target not found
Refreshing native plugins compatible for Editor in 0.31 ms, found 0 plugins.
Preloading 0 native plugins for Editor in 0.00 ms.
Mono: successfully reloaded assembly
- Completed reload, in  1.034 seconds
Platform modules already initialized, skipping
Refreshing native plugins compatible for Editor in 0.22 ms, found 0 plugins.
Preloading 0 native plugins for Editor in 0.00 ms.
Unloading 1112 Unused Serialized files (Serialized files now loaded: 0)
System memory in use before: 60.9 MB.
System memory in use after: 61.0 MB.

Unloading 5 unused Assets to reduce memory usage. Loaded Objects now: 1619.
Total: 2.237400 ms (FindLiveObjects: 0.302100 ms CreateObjectMapping: 0.085500 ms MarkObjects: 1.789400 ms  DeleteObjects: 0.057400 ms)

========================================================================
Received Prepare
Registering precompiled user dll's ...
Registered in 0.000676 seconds.
Begin MonoManager ReloadAssembly
Native extension for WindowsStandalone target not found
Native extension for WebGL target not found
Refreshing native plugins compatible for Editor in 0.36 ms, found 0 plugins.
Preloading 0 native plugins for Editor in 0.00 ms.
Mono: successfully reloaded assembly
- Completed reload, in  0.939 seconds
Platform modules already initialized, skipping
Refreshing native plugins compatible for Editor in 0.43 ms, found 0 plugins.
Preloading 0 native plugins for Editor in 0.00 ms.
Unloading 1112 Unused Serialized files (Serialized files now loaded: 0)
System memory in use before: 60.9 MB.
System memory in use after: 61.0 MB.

Unloading 5 unused Assets to reduce memory usage. Loaded Objects now: 1622.
Total: 2.717900 ms (FindLiveObjects: 0.311900 ms CreateObjectMapping: 0.086400 ms MarkObjects: 2.256300 ms  DeleteObjects: 0.061600 ms)

========================================================================
Received Prepare
Registering precompiled user dll's ...
Registered in 0.000648 seconds.
Begin MonoManager ReloadAssembly
Native extension for WindowsStandalone target not found
Native extension for WebGL target not found
Refreshing native plugins compatible for Editor in 0.25 ms, found 0 plugins.
Preloading 0 native plugins for Editor in 0.00 ms.
Mono: successfully reloaded assembly
- Completed reload, in  0.933 seconds
Platform modules already initialized, skipping
Refreshing native plugins compatible for Editor in 0.24 ms, found 0 plugins.
Preloading 0 native plugins for Editor in 0.00 ms.
Unloading 1112 Unused Serialized files (Serialized files now loaded: 0)
System memory in use before: 60.9 MB.
System memory in use after: 61.0 MB.

Unloading 5 unused Assets to reduce memory usage. Loaded Objects now: 1625.
Total: 2.134100 ms (FindLiveObjects: 0.245700 ms CreateObjectMapping: 0.127900 ms MarkObjects: 1.675500 ms  DeleteObjects: 0.083400 ms)

========================================================================
Received Prepare
Registering precompiled user dll's ...
Registered in 0.001044 seconds.
Begin MonoManager ReloadAssembly
Native extension for WindowsStandalone target not found
Native extension for WebGL target not found
Refreshing native plugins compatible for Editor in 0.49 ms, found 0 plugins.
Preloading 0 native plugins for Editor in 0.00 ms.
Mono: successfully reloaded assembly
- Completed reload, in  1.037 seconds
Platform modules already initialized, skipping
Refreshing native plugins compatible for Editor in 0.34 ms, found 0 plugins.
Preloading 0 native plugins for Editor in 0.00 ms.
Unloading 1112 Unused Serialized files (Serialized files now loaded: 0)
System memory in use before: 60.9 MB.
System memory in use after: 61.0 MB.

Unloading 5 unused Assets to reduce memory usage. Loaded Objects now: 1628.
Total: 2.506300 ms (FindLiveObjects: 0.202900 ms CreateObjectMapping: 0.046600 ms MarkObjects: 2.168300 ms  DeleteObjects: 0.087100 ms)

========================================================================
Received Prepare
Registering precompiled user dll's ...
Registered in 0.000977 seconds.
Begin MonoManager ReloadAssembly
Native extension for WindowsStandalone target not found
Native extension for WebGL target not found
Refreshing native plugins compatible for Editor in 0.19 ms, found 0 plugins.
Preloading 0 native plugins for Editor in 0.00 ms.
Mono: successfully reloaded assembly
- Completed reload, in  0.735 seconds
Platform modules already initialized, skipping
Refreshing native plugins compatible for Editor in 0.20 ms, found 0 plugins.
Preloading 0 native plugins for Editor in 0.00 ms.
Unloading 1112 Unused Serialized files (Serialized files now loaded: 0)
System memory in use before: 60.9 MB.
System memory in use after: 61.0 MB.

Unloading 5 unused Assets to reduce memory usage. Loaded Objects now: 1631.
Total: 1.733600 ms (FindLiveObjects: 0.210300 ms CreateObjectMapping: 0.053200 ms MarkObjects: 1.424300 ms  DeleteObjects: 0.044400 ms)

========================================================================
Received Prepare
Registering precompiled user dll's ...
Registered in 0.000692 seconds.
Begin MonoManager ReloadAssembly
Native extension for WindowsStandalone target not found
Native extension for WebGL target not found
Refreshing native plugins compatible for Editor in 0.23 ms, found 0 plugins.
Preloading 0 native plugins for Editor in 0.00 ms.
Mono: successfully reloaded assembly
- Completed reload, in  0.909 seconds
Platform modules already initialized, skipping
Refreshing native plugins compatible for Editor in 0.22 ms, found 0 plugins.
Preloading 0 native plugins for Editor in 0.00 ms.
Unloading 1112 Unused Serialized files (Serialized files now loaded: 0)
System memory in use before: 60.9 MB.
System memory in use after: 61.0 MB.

Unloading 5 unused Assets to reduce memory usage. Loaded Objects now: 1634.
Total: 2.505100 ms (FindLiveObjects: 0.277400 ms CreateObjectMapping: 0.072200 ms MarkObjects: 2.089300 ms  DeleteObjects: 0.064700 ms)

========================================================================
Received Prepare
Registering precompiled user dll's ...
Registered in 0.001421 seconds.
Begin MonoManager ReloadAssembly
Native extension for WindowsStandalone target not found
Native extension for WebGL target not found
Refreshing native plugins compatible for Editor in 0.21 ms, found 0 plugins.
Preloading 0 native plugins for Editor in 0.00 ms.
Mono: successfully reloaded assembly
- Completed reload, in  1.043 seconds
Platform modules already initialized, skipping
Refreshing native plugins compatible for Editor in 0.27 ms, found 0 plugins.
Preloading 0 native plugins for Editor in 0.00 ms.
Unloading 1112 Unused Serialized files (Serialized files now loaded: 0)
System memory in use before: 61.0 MB.
System memory in use after: 61.0 MB.

Unloading 5 unused Assets to reduce memory usage. Loaded Objects now: 1637.
Total: 2.511400 ms (FindLiveObjects: 0.308800 ms CreateObjectMapping: 0.065700 ms MarkObjects: 2.064500 ms  DeleteObjects: 0.066600 ms)

========================================================================
Received Import Request.
  Time since last request: 4126.852144 seconds.
  path: Assets/gridMovement.cs
  artifactKey: Guid(7eddb0bc9c9527a45ae8dd605e5ad22c) Importer(815301076,1909f56bfc062723c751e8b465ee728b)
Start importing Assets/gridMovement.cs using Guid(7eddb0bc9c9527a45ae8dd605e5ad22c) Importer(815301076,1909f56bfc062723c751e8b465ee728b)  -> (artifact id: '9b08a82ca569d3cc05ae2df6506a525e') in 0.005056 seconds
  Import took 0.007422 seconds .

========================================================================
Received Import Request.
  Time since last request: 0.000595 seconds.
  path: Assets/gridMovement.cs
  artifactKey: Guid(7eddb0bc9c9527a45ae8dd605e5ad22c) Importer(815301076,1909f56bfc062723c751e8b465ee728b)
Start importing Assets/gridMovement.cs using Guid(7eddb0bc9c9527a45ae8dd605e5ad22c) Importer(815301076,1909f56bfc062723c751e8b465ee728b)  -> (artifact id: '9b08a82ca569d3cc05ae2df6506a525e') in 0.003470 seconds
  Import took 0.005845 seconds .

========================================================================
Received Prepare
Registering precompiled user dll's ...
Registered in 0.000696 seconds.
Begin MonoManager ReloadAssembly
Native extension for WindowsStandalone target not found
Native extension for WebGL target not found
Refreshing native plugins compatible for Editor in 0.28 ms, found 0 plugins.
Preloading 0 native plugins for Editor in 0.00 ms.
Mono: successfully reloaded assembly
- Completed reload, in  0.804 seconds
Platform modules already initialized, skipping
Refreshing native plugins compatible for Editor in 0.18 ms, found 0 plugins.
Preloading 0 native plugins for Editor in 0.00 ms.
Unloading 1112 Unused Serialized files (Serialized files now loaded: 0)
System memory in use before: 61.0 MB.
System memory in use after: 61.0 MB.

Unloading 5 unused Assets to reduce memory usage. Loaded Objects now: 1640.
Total: 1.881900 ms (FindLiveObjects: 0.155600 ms CreateObjectMapping: 0.033600 ms MarkObjects: 1.645700 ms  DeleteObjects: 0.045700 ms)

========================================================================
Received Prepare
Registering precompiled user dll's ...
Registered in 0.000817 seconds.
Begin MonoManager ReloadAssembly
Native extension for WindowsStandalone target not found
Native extension for WebGL target not found
Refreshing native plugins compatible for Editor in 0.36 ms, found 0 plugins.
Preloading 0 native plugins for Editor in 0.00 ms.
Mono: successfully reloaded assembly
- Completed reload, in  1.040 seconds
Platform modules already initialized, skipping
Refreshing native plugins compatible for Editor in 0.30 ms, found 0 plugins.
Preloading 0 native plugins for Editor in 0.00 ms.
Unloading 1112 Unused Serialized files (Serialized files now loaded: 0)
System memory in use before: 61.0 MB.
System memory in use after: 61.0 MB.

Unloading 5 unused Assets to reduce memory usage. Loaded Objects now: 1643.
Total: 1.967200 ms (FindLiveObjects: 0.200300 ms CreateObjectMapping: 0.051300 ms MarkObjects: 1.653800 ms  DeleteObjects: 0.060300 ms)

========================================================================
Received Prepare
Registering precompiled user dll's ...
Registered in 0.000779 seconds.
Begin MonoManager ReloadAssembly
Native extension for WindowsStandalone target not found
Native extension for WebGL target not found
Refreshing native plugins compatible for Editor in 0.24 ms, found 0 plugins.
Preloading 0 native plugins for Editor in 0.00 ms.
Mono: successfully reloaded assembly
- Completed reload, in  0.942 seconds
Platform modules already initialized, skipping
Refreshing native plugins compatible for Editor in 0.19 ms, found 0 plugins.
Preloading 0 native plugins for Editor in 0.00 ms.
Unloading 1112 Unused Serialized files (Serialized files now loaded: 0)
System memory in use before: 61.0 MB.
System memory in use after: 61.0 MB.

Unloading 5 unused Assets to reduce memory usage. Loaded Objects now: 1646.
Total: 1.933200 ms (FindLiveObjects: 0.189700 ms CreateObjectMapping: 0.052900 ms MarkObjects: 1.640400 ms  DeleteObjects: 0.047900 ms)

========================================================================
Received Prepare
Registering precompiled user dll's ...
Registered in 0.000654 seconds.
Begin MonoManager ReloadAssembly
Native extension for WindowsStandalone target not found
Native extension for WebGL target not found
Refreshing native plugins compatible for Editor in 0.23 ms, found 0 plugins.
Preloading 0 native plugins for Editor in 0.00 ms.
Mono: successfully reloaded assembly
- Completed reload, in  0.946 seconds
Platform modules already initialized, skipping
Refreshing native plugins compatible for Editor in 0.24 ms, found 0 plugins.
Preloading 0 native plugins for Editor in 0.00 ms.
Unloading 1112 Unused Serialized files (Serialized files now loaded: 0)
System memory in use before: 61.0 MB.
System memory in use after: 61.0 MB.

Unloading 5 unused Assets to reduce memory usage. Loaded Objects now: 1649.
Total: 2.891300 ms (FindLiveObjects: 0.326800 ms CreateObjectMapping: 0.079200 ms MarkObjects: 2.409700 ms  DeleteObjects: 0.073900 ms)

========================================================================
Received Prepare
Registering precompiled user dll's ...
Registered in 0.000914 seconds.
Begin MonoManager ReloadAssembly
Native extension for WindowsStandalone target not found
Native extension for WebGL target not found
Refreshing native plugins compatible for Editor in 0.38 ms, found 0 plugins.
Preloading 0 native plugins for Editor in 0.00 ms.
Mono: successfully reloaded assembly
- Completed reload, in  0.926 seconds
Platform modules already initialized, skipping
Refreshing native plugins compatible for Editor in 0.22 ms, found 0 plugins.
Preloading 0 native plugins for Editor in 0.00 ms.
Unloading 1112 Unused Serialized files (Serialized files now loaded: 0)
System memory in use before: 61.0 MB.
System memory in use after: 61.1 MB.

Unloading 5 unused Assets to reduce memory usage. Loaded Objects now: 1652.
Total: 1.929200 ms (FindLiveObjects: 0.140300 ms CreateObjectMapping: 0.036500 ms MarkObjects: 1.693200 ms  DeleteObjects: 0.057800 ms)

========================================================================
Received Prepare
Registering precompiled user dll's ...
Registered in 0.000717 seconds.
Begin MonoManager ReloadAssembly
Native extension for WindowsStandalone target not found
Native extension for WebGL target not found
Refreshing native plugins compatible for Editor in 0.67 ms, found 0 plugins.
Preloading 0 native plugins for Editor in 0.00 ms.
Mono: successfully reloaded assembly
- Completed reload, in  1.057 seconds
Platform modules already initialized, skipping
Refreshing native plugins compatible for Editor in 0.21 ms, found 0 plugins.
Preloading 0 native plugins for Editor in 0.00 ms.
Unloading 1112 Unused Serialized files (Serialized files now loaded: 0)
System memory in use before: 61.0 MB.
System memory in use after: 61.1 MB.

Unloading 5 unused Assets to reduce memory usage. Loaded Objects now: 1655.
Total: 2.027100 ms (FindLiveObjects: 0.176600 ms CreateObjectMapping: 0.039600 ms MarkObjects: 1.747900 ms  DeleteObjects: 0.060600 ms)

========================================================================
Received Import Request.
  Time since last request: 609.752771 seconds.
  path: Assets/Scenes
  artifactKey: Guid(a2ce9c519025a684aad6fd7678e849e3) Importer(815301076,1909f56bfc062723c751e8b465ee728b)
Start importing Assets/Scenes using Guid(a2ce9c519025a684aad6fd7678e849e3) Importer(815301076,1909f56bfc062723c751e8b465ee728b)  -> (artifact id: '3058409a11d8747db6c1bb6c8caf7973') in 0.010655 seconds
  Import took 0.014008 seconds .

========================================================================
Received Prepare
Registering precompiled user dll's ...
Registered in 0.001039 seconds.
Begin MonoManager ReloadAssembly
Native extension for WindowsStandalone target not found
Native extension for WebGL target not found
Refreshing native plugins compatible for Editor in 0.18 ms, found 0 plugins.
Preloading 0 native plugins for Editor in 0.00 ms.
Mono: successfully reloaded assembly
- Completed reload, in  0.757 seconds
Platform modules already initialized, skipping
Refreshing native plugins compatible for Editor in 0.18 ms, found 0 plugins.
Preloading 0 native plugins for Editor in 0.00 ms.
Unloading 1112 Unused Serialized files (Serialized files now loaded: 0)
System memory in use before: 61.0 MB.
System memory in use after: 61.1 MB.

Unloading 5 unused Assets to reduce memory usage. Loaded Objects now: 1658.
Total: 1.878500 ms (FindLiveObjects: 0.126100 ms CreateObjectMapping: 0.032900 ms MarkObjects: 1.677500 ms  DeleteObjects: 0.041000 ms)

========================================================================
Received Import Request.
  Time since last request: 100.513254 seconds.
  path: Assets/gridMovement.cs
  artifactKey: Guid(7eddb0bc9c9527a45ae8dd605e5ad22c) Importer(815301076,1909f56bfc062723c751e8b465ee728b)
Start importing Assets/gridMovement.cs using Guid(7eddb0bc9c9527a45ae8dd605e5ad22c) Importer(815301076,1909f56bfc062723c751e8b465ee728b)  -> (artifact id: 'bf00830b8c758cf628b337208c4b3bf4') in 0.005620 seconds
  Import took 0.008055 seconds .

========================================================================
Received Import Request.
  Time since last request: 0.003042 seconds.
  path: Assets/gridMovement.cs
  artifactKey: Guid(7eddb0bc9c9527a45ae8dd605e5ad22c) Importer(815301076,1909f56bfc062723c751e8b465ee728b)
Start importing Assets/gridMovement.cs using Guid(7eddb0bc9c9527a45ae8dd605e5ad22c) Importer(815301076,1909f56bfc062723c751e8b465ee728b)  -> (artifact id: 'bf00830b8c758cf628b337208c4b3bf4') in 0.002992 seconds
  Import took 0.005386 seconds .

========================================================================
Received Import Request.
  Time since last request: 67.957483 seconds.
  path: Assets/sound.wav
  artifactKey: Guid(1d5e37ebd2e9e6f4681ccbc6319a3996) Importer(815301076,1909f56bfc062723c751e8b465ee728b)
Start importing Assets/sound.wav using Guid(1d5e37ebd2e9e6f4681ccbc6319a3996) Importer(815301076,1909f56bfc062723c751e8b465ee728b)  -> (artifact id: 'a35bd82c9bd12ad5388b2f4ebb1cafc9') in 0.057776 seconds
  Import took 0.060283 seconds .

========================================================================
Received Prepare
Registering precompiled user dll's ...
Registered in 0.001269 seconds.
Begin MonoManager ReloadAssembly
Native extension for WindowsStandalone target not found
Native extension for WebGL target not found
Refreshing native plugins compatible for Editor in 0.24 ms, found 0 plugins.
Preloading 0 native plugins for Editor in 0.00 ms.
Mono: successfully reloaded assembly
- Completed reload, in  1.039 seconds
Platform modules already initialized, skipping
Refreshing native plugins compatible for Editor in 0.22 ms, found 0 plugins.
Preloading 0 native plugins for Editor in 0.00 ms.
Unloading 1112 Unused Serialized files (Serialized files now loaded: 0)
System memory in use before: 61.0 MB.
System memory in use after: 61.1 MB.

Unloading 5 unused Assets to reduce memory usage. Loaded Objects now: 1662.
Total: 1.998500 ms (FindLiveObjects: 0.171800 ms CreateObjectMapping: 0.041900 ms MarkObjects: 1.698800 ms  DeleteObjects: 0.063600 ms)

========================================================================
Received Import Request.
  Time since last request: 156.855731 seconds.
  path: Assets/SFXHurt.sfs
  artifactKey: Guid(68d55473ece965b449c02dce43f40c55) Importer(815301076,1909f56bfc062723c751e8b465ee728b)
Start importing Assets/SFXHurt.sfs using Guid(68d55473ece965b449c02dce43f40c55) Importer(815301076,1909f56bfc062723c751e8b465ee728b)  -> (artifact id: '470c6f429de873042b10418e5fc62d87') in 0.020024 seconds
  Import took 0.022675 seconds .

========================================================================
Received Import Request.
  Time since last request: 8.874967 seconds.
  path: Assets/SFXPowerUP.sfs
  artifactKey: Guid(f68ed243ecc82f241b936fc85a845f9a) Importer(815301076,1909f56bfc062723c751e8b465ee728b)
Start importing Assets/SFXPowerUP.sfs using Guid(f68ed243ecc82f241b936fc85a845f9a) Importer(815301076,1909f56bfc062723c751e8b465ee728b)  -> (artifact id: '8958db689a30fa9293092ef46622fcea') in 0.010059 seconds
  Import took 0.012832 seconds .

========================================================================
Received Import Request.
  Time since last request: 310.679620 seconds.
  path: Assets/SFX1.wav
  artifactKey: Guid(00c611fb95381bc4d952b106864eb130) Importer(815301076,1909f56bfc062723c751e8b465ee728b)
Start importing Assets/SFX1.wav using Guid(00c611fb95381bc4d952b106864eb130) Importer(815301076,1909f56bfc062723c751e8b465ee728b)  -> (artifact id: '6c1d263b2b0f542c18154b85bec96585') in 0.056296 seconds
  Import took 0.059906 seconds .

========================================================================
Received Prepare
Registering precompiled user dll's ...
Registered in 0.000935 seconds.
Begin MonoManager ReloadAssembly
Native extension for WindowsStandalone target not found
Native extension for WebGL target not found
Refreshing native plugins compatible for Editor in 0.32 ms, found 0 plugins.
Preloading 0 native plugins for Editor in 0.00 ms.
Mono: successfully reloaded assembly
- Completed reload, in  1.094 seconds
Platform modules already initialized, skipping
Refreshing native plugins compatible for Editor in 0.20 ms, found 0 plugins.
Preloading 0 native plugins for Editor in 0.00 ms.
Unloading 1112 Unused Serialized files (Serialized files now loaded: 0)
System memory in use before: 61.0 MB.
System memory in use after: 61.1 MB.

Unloading 5 unused Assets to reduce memory usage. Loaded Objects now: 1666.
Total: 3.486300 ms (FindLiveObjects: 0.233300 ms CreateObjectMapping: 0.102600 ms MarkObjects: 3.073300 ms  DeleteObjects: 0.075100 ms)

========================================================================
Received Prepare
Registering precompiled user dll's ...
Registered in 0.001142 seconds.
Begin MonoManager ReloadAssembly
Native extension for WindowsStandalone target not found
Native extension for WebGL target not found
Refreshing native plugins compatible for Editor in 0.45 ms, found 0 plugins.
Preloading 0 native plugins for Editor in 0.00 ms.
Mono: successfully reloaded assembly
- Completed reload, in  1.225 seconds
Platform modules already initialized, skipping
Refreshing native plugins compatible for Editor in 0.26 ms, found 0 plugins.
Preloading 0 native plugins for Editor in 0.00 ms.
Unloading 1112 Unused Serialized files (Serialized files now loaded: 0)
System memory in use before: 61.0 MB.
System memory in use after: 61.1 MB.

Unloading 5 unused Assets to reduce memory usage. Loaded Objects now: 1669.
Total: 2.514700 ms (FindLiveObjects: 0.338200 ms CreateObjectMapping: 0.090400 ms MarkObjects: 2.025800 ms  DeleteObjects: 0.057400 ms)

========================================================================
Received Import Request.
  Time since last request: 528.621277 seconds.
  path: Assets/gridMovement.cs
  artifactKey: Guid(7eddb0bc9c9527a45ae8dd605e5ad22c) Importer(815301076,1909f56bfc062723c751e8b465ee728b)
Start importing Assets/gridMovement.cs using Guid(7eddb0bc9c9527a45ae8dd605e5ad22c) Importer(815301076,1909f56bfc062723c751e8b465ee728b)  -> (artifact id: '585870a085fcfbe799350fe1d7a5c38e') in 0.007098 seconds
  Import took 0.009766 seconds .

========================================================================
Received Import Request.
  Time since last request: 0.003125 seconds.
  path: Assets/gridMovement.cs
  artifactKey: Guid(7eddb0bc9c9527a45ae8dd605e5ad22c) Importer(815301076,1909f56bfc062723c751e8b465ee728b)
Start importing Assets/gridMovement.cs using Guid(7eddb0bc9c9527a45ae8dd605e5ad22c) Importer(815301076,1909f56bfc062723c751e8b465ee728b)  -> (artifact id: '585870a085fcfbe799350fe1d7a5c38e') in 0.003555 seconds
  Import took 0.005539 seconds .

========================================================================
Received Prepare
Registering precompiled user dll's ...
Registered in 0.000592 seconds.
Begin MonoManager ReloadAssembly
Native extension for WindowsStandalone target not found
Native extension for WebGL target not found
Refreshing native plugins compatible for Editor in 0.20 ms, found 0 plugins.
Preloading 0 native plugins for Editor in 0.00 ms.
Mono: successfully reloaded assembly
- Completed reload, in  0.796 seconds
Platform modules already initialized, skipping
Refreshing native plugins compatible for Editor in 0.21 ms, found 0 plugins.
Preloading 0 native plugins for Editor in 0.00 ms.
Unloading 1112 Unused Serialized files (Serialized files now loaded: 0)
System memory in use before: 61.0 MB.
System memory in use after: 61.1 MB.

Unloading 5 unused Assets to reduce memory usage. Loaded Objects now: 1672.
Total: 3.322000 ms (FindLiveObjects: 0.224200 ms CreateObjectMapping: 0.088000 ms MarkObjects: 2.945000 ms  DeleteObjects: 0.062600 ms)

========================================================================
Received Import Request.
  Time since last request: 19.494483 seconds.
  path: Assets/gridMovement.cs
  artifactKey: Guid(7eddb0bc9c9527a45ae8dd605e5ad22c) Importer(815301076,1909f56bfc062723c751e8b465ee728b)
Start importing Assets/gridMovement.cs using Guid(7eddb0bc9c9527a45ae8dd605e5ad22c) Importer(815301076,1909f56bfc062723c751e8b465ee728b)  -> (artifact id: '9fa979b87968b34ec13e45b4616979c9') in 0.007954 seconds
  Import took 0.011234 seconds .

========================================================================
Received Prepare
Registering precompiled user dll's ...
Registered in 0.000748 seconds.
Begin MonoManager ReloadAssembly
Native extension for WindowsStandalone target not found
Native extension for WebGL target not found
Refreshing native plugins compatible for Editor in 0.18 ms, found 0 plugins.
Preloading 0 native plugins for Editor in 0.00 ms.
Mono: successfully reloaded assembly
- Completed reload, in  0.756 seconds
Platform modules already initialized, skipping
Refreshing native plugins compatible for Editor in 0.18 ms, found 0 plugins.
Preloading 0 native plugins for Editor in 0.00 ms.
Unloading 1112 Unused Serialized files (Serialized files now loaded: 0)
System memory in use before: 61.0 MB.
System memory in use after: 61.1 MB.

Unloading 5 unused Assets to reduce memory usage. Loaded Objects now: 1675.
Total: 2.018900 ms (FindLiveObjects: 0.241200 ms CreateObjectMapping: 0.067300 ms MarkObjects: 1.668200 ms  DeleteObjects: 0.041300 ms)

========================================================================
Received Prepare
Registering precompiled user dll's ...
Registered in 0.000868 seconds.
Begin MonoManager ReloadAssembly
Native extension for WindowsStandalone target not found
Native extension for WebGL target not found
Refreshing native plugins compatible for Editor in 0.25 ms, found 0 plugins.
Preloading 0 native plugins for Editor in 0.00 ms.
Mono: successfully reloaded assembly
- Completed reload, in  1.154 seconds
Platform modules already initialized, skipping
Refreshing native plugins compatible for Editor in 0.24 ms, found 0 plugins.
Preloading 0 native plugins for Editor in 0.00 ms.
Unloading 1112 Unused Serialized files (Serialized files now loaded: 0)
System memory in use before: 61.0 MB.
System memory in use after: 61.1 MB.

Unloading 5 unused Assets to reduce memory usage. Loaded Objects now: 1678.
Total: 2.192300 ms (FindLiveObjects: 0.275600 ms CreateObjectMapping: 0.057300 ms MarkObjects: 1.805100 ms  DeleteObjects: 0.052800 ms)

========================================================================
Received Prepare
Registering precompiled user dll's ...
Registered in 0.000682 seconds.
Begin MonoManager ReloadAssembly
Native extension for WindowsStandalone target not found
Native extension for WebGL target not found
Refreshing native plugins compatible for Editor in 0.18 ms, found 0 plugins.
Preloading 0 native plugins for Editor in 0.00 ms.
Mono: successfully reloaded assembly
- Completed reload, in  0.802 seconds
Platform modules already initialized, skipping
Refreshing native plugins compatible for Editor in 0.22 ms, found 0 plugins.
Preloading 0 native plugins for Editor in 0.00 ms.
Unloading 1112 Unused Serialized files (Serialized files now loaded: 0)
System memory in use before: 61.0 MB.
System memory in use after: 61.1 MB.

Unloading 5 unused Assets to reduce memory usage. Loaded Objects now: 1681.
Total: 2.311800 ms (FindLiveObjects: 0.269600 ms CreateObjectMapping: 0.078500 ms MarkObjects: 1.903100 ms  DeleteObjects: 0.058500 ms)

========================================================================
Received Prepare
Registering precompiled user dll's ...
Registered in 0.001019 seconds.
Begin MonoManager ReloadAssembly
Native extension for WindowsStandalone target not found
Native extension for WebGL target not found
Refreshing native plugins compatible for Editor in 0.53 ms, found 0 plugins.
Preloading 0 native plugins for Editor in 0.00 ms.
Mono: successfully reloaded assembly
- Completed reload, in  1.398 seconds
Platform modules already initialized, skipping
Refreshing native plugins compatible for Editor in 0.41 ms, found 0 plugins.
Preloading 0 native plugins for Editor in 0.00 ms.
Unloading 1112 Unused Serialized files (Serialized files now loaded: 0)
System memory in use before: 61.1 MB.
System memory in use after: 61.1 MB.

Unloading 5 unused Assets to reduce memory usage. Loaded Objects now: 1684.
Total: 2.879100 ms (FindLiveObjects: 0.348700 ms CreateObjectMapping: 0.084400 ms MarkObjects: 2.393700 ms  DeleteObjects: 0.049500 ms)

========================================================================
Received Prepare
Registering precompiled user dll's ...
Registered in 0.000868 seconds.
Begin MonoManager ReloadAssembly
Native extension for WindowsStandalone target not found
Native extension for WebGL target not found
Refreshing native plugins compatible for Editor in 0.45 ms, found 0 plugins.
Preloading 0 native plugins for Editor in 0.00 ms.
Mono: successfully reloaded assembly
- Completed reload, in  1.307 seconds
Platform modules already initialized, skipping
Refreshing native plugins compatible for Editor in 0.36 ms, found 0 plugins.
Preloading 0 native plugins for Editor in 0.00 ms.
Unloading 1111 Unused Serialized files (Serialized files now loaded: 0)
System memory in use before: 61.0 MB.
System memory in use after: 61.1 MB.

Unloading 6 unused Assets to reduce memory usage. Loaded Objects now: 1686.
Total: 4.274500 ms (FindLiveObjects: 0.359700 ms CreateObjectMapping: 0.090000 ms MarkObjects: 3.694900 ms  DeleteObjects: 0.126200 ms)

========================================================================
Received Prepare
Registering precompiled user dll's ...
Registered in 0.000765 seconds.
Begin MonoManager ReloadAssembly
Native extension for WindowsStandalone target not found
Native extension for WebGL target not found
Refreshing native plugins compatible for Editor in 0.34 ms, found 0 plugins.
Preloading 0 native plugins for Editor in 0.00 ms.
Mono: successfully reloaded assembly
- Completed reload, in  1.076 seconds
Platform modules already initialized, skipping
Refreshing native plugins compatible for Editor in 0.22 ms, found 0 plugins.
Preloading 0 native plugins for Editor in 0.00 ms.
Unloading 1111 Unused Serialized files (Serialized files now loaded: 0)
System memory in use before: 61.0 MB.
System memory in use after: 61.1 MB.

Unloading 5 unused Assets to reduce memory usage. Loaded Objects now: 1689.
Total: 3.142900 ms (FindLiveObjects: 0.453700 ms CreateObjectMapping: 0.135600 ms MarkObjects: 2.427400 ms  DeleteObjects: 0.124300 ms)

========================================================================
Received Import Request.
  Time since last request: 12396.008574 seconds.
  path: Assets/gridMovement.cs
  artifactKey: Guid(7eddb0bc9c9527a45ae8dd605e5ad22c) Importer(815301076,1909f56bfc062723c751e8b465ee728b)
Start importing Assets/gridMovement.cs using Guid(7eddb0bc9c9527a45ae8dd605e5ad22c) Importer(815301076,1909f56bfc062723c751e8b465ee728b)  -> (artifact id: '854f7303c4a8b7b46386aa50336f433f') in 0.010157 seconds
  Import took 0.013513 seconds .

========================================================================
Received Prepare
Registering precompiled user dll's ...
Registered in 0.001689 seconds.
Begin MonoManager ReloadAssembly
Native extension for WindowsStandalone target not found
Native extension for WebGL target not found
Refreshing native plugins compatible for Editor in 0.22 ms, found 0 plugins.
Preloading 0 native plugins for Editor in 0.00 ms.
Mono: successfully reloaded assembly
- Completed reload, in  1.156 seconds
Platform modules already initialized, skipping
Refreshing native plugins compatible for Editor in 0.20 ms, found 0 plugins.
Preloading 0 native plugins for Editor in 0.00 ms.
Unloading 1111 Unused Serialized files (Serialized files now loaded: 0)
System memory in use before: 61.0 MB.
System memory in use after: 61.1 MB.

Unloading 5 unused Assets to reduce memory usage. Loaded Objects now: 1692.
Total: 2.498000 ms (FindLiveObjects: 0.237300 ms CreateObjectMapping: 0.080400 ms MarkObjects: 2.126400 ms  DeleteObjects: 0.052200 ms)

========================================================================
Received Prepare
Registering precompiled user dll's ...
Registered in 0.000627 seconds.
Begin MonoManager ReloadAssembly
Native extension for WindowsStandalone target not found
Native extension for WebGL target not found
Refreshing native plugins compatible for Editor in 0.18 ms, found 0 plugins.
Preloading 0 native plugins for Editor in 0.00 ms.
Mono: successfully reloaded assembly
- Completed reload, in  0.780 seconds
Platform modules already initialized, skipping
Refreshing native plugins compatible for Editor in 0.18 ms, found 0 plugins.
Preloading 0 native plugins for Editor in 0.00 ms.
Unloading 1111 Unused Serialized files (Serialized files now loaded: 0)
System memory in use before: 61.1 MB.
System memory in use after: 61.1 MB.

Unloading 5 unused Assets to reduce memory usage. Loaded Objects now: 1695.
Total: 1.885800 ms (FindLiveObjects: 0.187300 ms CreateObjectMapping: 0.040600 ms MarkObjects: 1.609100 ms  DeleteObjects: 0.047700 ms)

========================================================================
Received Import Request.
  Time since last request: 343.595799 seconds.
  path: Assets/gridMovement.cs
  artifactKey: Guid(7eddb0bc9c9527a45ae8dd605e5ad22c) Importer(815301076,1909f56bfc062723c751e8b465ee728b)
Start importing Assets/gridMovement.cs using Guid(7eddb0bc9c9527a45ae8dd605e5ad22c) Importer(815301076,1909f56bfc062723c751e8b465ee728b)  -> (artifact id: '3c808ae6deb848ba363ed361e1a0c2f7') in 0.004303 seconds
  Import took 0.006040 seconds .

========================================================================
Received Prepare
Registering precompiled user dll's ...
Registered in 0.000746 seconds.
Begin MonoManager ReloadAssembly
Native extension for WindowsStandalone target not found
Native extension for WebGL target not found
Refreshing native plugins compatible for Editor in 0.26 ms, found 0 plugins.
Preloading 0 native plugins for Editor in 0.00 ms.
Mono: successfully reloaded assembly
- Completed reload, in  1.391 seconds
Platform modules already initialized, skipping
Refreshing native plugins compatible for Editor in 0.23 ms, found 0 plugins.
Preloading 0 native plugins for Editor in 0.00 ms.
Unloading 1111 Unused Serialized files (Serialized files now loaded: 0)
System memory in use before: 61.1 MB.
System memory in use after: 61.1 MB.

Unloading 5 unused Assets to reduce memory usage. Loaded Objects now: 1698.
Total: 2.042500 ms (FindLiveObjects: 0.169200 ms CreateObjectMapping: 0.038300 ms MarkObjects: 1.782000 ms  DeleteObjects: 0.051300 ms)

========================================================================
Received Import Request.
  Time since last request: 178.429142 seconds.
  path: Assets/SFX2.wav
  artifactKey: Guid(c81ad1f9ee246194589c20000c54a00f) Importer(815301076,1909f56bfc062723c751e8b465ee728b)
Start importing Assets/SFX2.wav using Guid(c81ad1f9ee246194589c20000c54a00f) Importer(815301076,1909f56bfc062723c751e8b465ee728b)  -> (artifact id: 'a04b348172c4910897d5fd25504c0355') in 0.090841 seconds
  Import took 0.094635 seconds .

========================================================================
Received Prepare
Registering precompiled user dll's ...
Registered in 0.000630 seconds.
Begin MonoManager ReloadAssembly
Native extension for WindowsStandalone target not found
Native extension for WebGL target not found
Refreshing native plugins compatible for Editor in 0.24 ms, found 0 plugins.
Preloading 0 native plugins for Editor in 0.00 ms.
Mono: successfully reloaded assembly
- Completed reload, in  0.956 seconds
Platform modules already initialized, skipping
Refreshing native plugins compatible for Editor in 0.23 ms, found 0 plugins.
Preloading 0 native plugins for Editor in 0.00 ms.
Unloading 1111 Unused Serialized files (Serialized files now loaded: 0)
System memory in use before: 61.1 MB.
System memory in use after: 61.2 MB.

Unloading 5 unused Assets to reduce memory usage. Loaded Objects now: 1702.
Total: 3.551800 ms (FindLiveObjects: 0.180800 ms CreateObjectMapping: 0.040200 ms MarkObjects: 3.258500 ms  DeleteObjects: 0.069700 ms)

========================================================================
Received Import Request.
  Time since last request: 44.140706 seconds.
  path: Assets/gridMovement.cs
  artifactKey: Guid(7eddb0bc9c9527a45ae8dd605e5ad22c) Importer(815301076,1909f56bfc062723c751e8b465ee728b)
Start importing Assets/gridMovement.cs using Guid(7eddb0bc9c9527a45ae8dd605e5ad22c) Importer(815301076,1909f56bfc062723c751e8b465ee728b)  -> (artifact id: 'd3f38efd8715597ef06ca2286671c304') in 0.006956 seconds
  Import took 0.010130 seconds .

========================================================================
Received Prepare
Registering precompiled user dll's ...
Registered in 0.001159 seconds.
Begin MonoManager ReloadAssembly
Native extension for WindowsStandalone target not found
Native extension for WebGL target not found
Refreshing native plugins compatible for Editor in 0.29 ms, found 0 plugins.
Preloading 0 native plugins for Editor in 0.00 ms.
Mono: successfully reloaded assembly
- Completed reload, in  1.163 seconds
Platform modules already initialized, skipping
Refreshing native plugins compatible for Editor in 0.20 ms, found 0 plugins.
Preloading 0 native plugins for Editor in 0.00 ms.
Unloading 1111 Unused Serialized files (Serialized files now loaded: 0)
System memory in use before: 61.1 MB.
System memory in use after: 61.2 MB.

Unloading 5 unused Assets to reduce memory usage. Loaded Objects now: 1705.
Total: 2.566200 ms (FindLiveObjects: 0.206800 ms CreateObjectMapping: 0.060400 ms MarkObjects: 2.244800 ms  DeleteObjects: 0.052300 ms)

AssetImportWorkerClient::OnTransportError - code=2 error=End of file
